[debug] [2023-07-11T18:58:17.262Z] ----------------------------------------------------------------------
[debug] [2023-07-11T18:58:17.267Z] Command:       C:\Program Files\nodejs\node.exe C:\Users\kumar\AppData\Roaming\npm\node_modules\firebase-tools\lib\bin\firebase.js deploy
[debug] [2023-07-11T18:58:17.268Z] CLI Version:   12.4.3
[debug] [2023-07-11T18:58:17.269Z] Platform:      win32
[debug] [2023-07-11T18:58:17.270Z] Node Version:  v18.16.1
[debug] [2023-07-11T18:58:17.272Z] Time:          Wed Jul 12 2023 00:28:17 GMT+0530 (India Standard Time)
[debug] [2023-07-11T18:58:17.272Z] ----------------------------------------------------------------------
[debug] 
[debug] [2023-07-11T18:58:17.445Z] > command requires scopes: ["email","openid","https://www.googleapis.com/auth/cloudplatformprojects.readonly","https://www.googleapis.com/auth/firebase","https://www.googleapis.com/auth/cloud-platform"]
[debug] [2023-07-11T18:58:17.446Z] > authorizing via signed-in user (kumarabhijeet.amod@gmail.com)
[debug] [2023-07-11T18:58:17.446Z] [iam] checking project reels-839c5 for permissions ["firebase.projects.get","firebasehosting.sites.update"]
[debug] [2023-07-11T18:58:17.451Z] >>> [apiv2][query] POST https://cloudresourcemanager.googleapis.com/v1/projects/reels-839c5:testIamPermissions [none]
[debug] [2023-07-11T18:58:17.451Z] >>> [apiv2][(partial)header] POST https://cloudresourcemanager.googleapis.com/v1/projects/reels-839c5:testIamPermissions x-goog-quota-user=projects/reels-839c5
[debug] [2023-07-11T18:58:17.452Z] >>> [apiv2][body] POST https://cloudresourcemanager.googleapis.com/v1/projects/reels-839c5:testIamPermissions {"permissions":["firebase.projects.get","firebasehosting.sites.update"]}
[debug] [2023-07-11T18:58:20.276Z] <<< [apiv2][status] POST https://cloudresourcemanager.googleapis.com/v1/projects/reels-839c5:testIamPermissions 200
[debug] [2023-07-11T18:58:20.277Z] <<< [apiv2][body] POST https://cloudresourcemanager.googleapis.com/v1/projects/reels-839c5:testIamPermissions {}
[debug] [2023-07-11T18:58:20.277Z] [iam] error while checking permissions, command may fail: FirebaseError: Authorization failed. This account is missing the following required permissions on project reels-839c5:

  firebase.projects.get
  firebasehosting.sites.update
[debug] [2023-07-11T18:58:20.280Z] >>> [apiv2][query] GET https://firebase.googleapis.com/v1beta1/projects/reels-839c5 [none]
[debug] [2023-07-11T18:58:21.175Z] <<< [apiv2][status] GET https://firebase.googleapis.com/v1beta1/projects/reels-839c5 403
[debug] [2023-07-11T18:58:21.175Z] <<< [apiv2][body] GET https://firebase.googleapis.com/v1beta1/projects/reels-839c5 {"error":{"code":403,"message":"The caller does not have permission","status":"PERMISSION_DENIED"}}
[debug] [2023-07-11T18:58:21.176Z] HTTP Error: 403, The caller does not have permission
[debug] [2023-07-11T18:58:21.730Z] FirebaseError: HTTP Error: 403, The caller does not have permission
    at responseToError (C:\Users\kumar\AppData\Roaming\npm\node_modules\firebase-tools\lib\responseToError.js:49:12)
    at RetryOperation._fn (C:\Users\kumar\AppData\Roaming\npm\node_modules\firebase-tools\lib\apiv2.js:288:77)
    at process.processTicksAndRejections (node:internal/process/task_queues:95:5)
[error] 
[error] Error: Failed to get Firebase project reels-839c5. Please make sure the project exists and your account has permission to access it.
